[Mon Apr 14 12:21:04 2025] STARTUP      Server started on port 8081
[Mon Apr 14 12:21:04 2025] STARTUP      Server started on port 8082
[Mon Apr 14 12:21:04 2025] STARTUP      Server started on port 8083
[Mon Apr 14 12:21:04 2025] STARTUP      Server started on port 8084
[Mon Apr 14 12:21:19 2025] CONNECTION   Client connected from 127.0.0.1:8081
[Mon Apr 14 12:21:25 2025] CONNECTION   Client connected from 127.0.0.1:8082
[Mon Apr 14 12:21:25 2025] CONNECTION   Client connected from 127.0.0.1:8083
[Mon Apr 14 12:21:25 2025] WAR_TEST     Source: TEST, Type: Sea, Details: Ballistic Missile, Threat Level: 0.87, Location: Arctic Ocean
[Mon Apr 14 12:21:25 2025] COMMAND      Encrypted command: frppdqg:odxqfk|wdujhw:Dufwlf Rfhdq
[Mon Apr 14 12:21:25 2025] COMMAND      Decrypted command: command:launch|target:Arctic Ocean
[Mon Apr 14 12:21:25 2025] COMMAND      Sent command to 127.0.0.1:8081
[Mon Apr 14 12:21:25 2025] COMMAND      Sent command to 127.0.0.1:8082
[Mon Apr 14 12:21:25 2025] SIMULATION   Simulation running: 9 seconds remaining
[Mon Apr 14 12:21:25 2025] MESSAGE      Encrypted message: vrxufh:Vxepdulqh|wbsh:Vhd|gdwd:Wrushgr Odxqfk|wkuhdw_ohyho:0.26|orfdwlrq:Fhowlf Vhd
[Mon Apr 14 12:21:25 2025] CONNECTION   Client connected from 127.0.0.1:8084
[Mon Apr 14 12:21:25 2025] MESSAGE      Decrypted message: source:Submarine|type:Sea|data:Torpedo Launch|threat_level:0.26|location:Celtic Sea
[Mon Apr 14 12:21:25 2025] ERROR        Invalid or incomplete intelligence
[Mon Apr 14 12:21:25 2025] MESSAGE      Encrypted message: vrxufh:Vdwhoolwh|wbsh:Vhd|gdwd:Qdydo Iohhw|wkuhdw_ohyho:0.26|orfdwlrq:Phglwhuudqhdqvrxufh:Vdwhoolwh|wbsh:Dlu|gdwd:Edoolvwlf Plvvloh|wkuhdw_ohyho:0.35|orfdwlrq:Dufwlf Rfhdqvrxufh:Vdwhoolwh|wbsh:Dlu|gdwd:Vdwhoolwh Dqrpdob|wkuhdw_ohyho:0.35|orfdwlrq:Eduhqwv Vhdvrxufh:Vdwhoolwh|wbsh:Vhd|gdwd:Qdydo Iohhw|wkuhdw_ohyho:0.22|orfdwlrq:Phglwhuudqhdq
[Mon Apr 14 12:21:25 2025] ERROR        Failed to parse: source:Submarine|type:Sea|data:Torpedo Launch|threat_level:0.26|location:Celtic Sea
[Mon Apr 14 12:21:25 2025] MESSAGE      Decrypted message: source:Satellite|type:Sea|data:Naval Fleet|threat_level:0.26|location:Mediterraneansource:Satellite|type:Air|data:Ballistic Missile|threat_level:0.35|location:Arctic Oceansource:Satellite|type:Air|data:Satellite Anomaly|threat_level:0.35|location:Barents Seasource:Satellite|type:Sea|data:Naval Fleet|threat_level:0.22|location:Mediterranean
[Mon Apr 14 12:21:25 2025] ERROR        Invalid or incomplete intelligence
[Mon Apr 14 12:21:25 2025] ERROR        Failed to parse: source:Satellite|type:Sea|data:Naval Fleet|threat_level:0.26|location:Mediterraneansource:Satellite|type:Air|data:Ballistic Missile|threat_level:0.35|location:Arctic Oceansource:Satellite|type:Air|data:Satellite Anomaly|threat_level:0.35|location:Barents Seasource:Satellite|type:Sea|data:Naval Fleet|threat_level:0.22|location:Mediterranean
[Mon Apr 14 12:21:25 2025] MESSAGE      Encrypted message: vrxufh:Udgdu|wbsh:Dlu|gdwd:Plvvloh Vwulnh|wkuhdw_ohyho:0.26|orfdwlrq:Hqjolvk Fkdqqhovrxufh:Udgdu|wbsh:Dlu|gdwd:Hqhpb Dlufudiw|wkuhdw_ohyho:0.35|orfdwlrq:Qruwk Dwodqwlf
[Mon Apr 14 12:21:25 2025] MESSAGE      Decrypted message: source:Radar|type:Air|data:Missile Strike|threat_level:0.26|location:English Channelsource:Radar|type:Air|data:Enemy Aircraft|threat_level:0.35|location:North Atlantic
[Mon Apr 14 12:21:25 2025] ERROR        Invalid or incomplete intelligence
[Mon Apr 14 12:21:25 2025] ERROR        Failed to parse: source:Radar|type:Air|data:Missile Strike|threat_level:0.26|location:English Channelsource:Radar|type:Air|data:Enemy Aircraft|threat_level:0.35|location:North Atlantic
[Mon Apr 14 12:21:25 2025] MESSAGE      Encrypted message: vrxufh:Udgdu|wbsh:Dlu|gdwd:Gurqh Vzdup|wkuhdw_ohyho:0.35|orfdwlrq:Edowlf Vhd
[Mon Apr 14 12:21:25 2025] MESSAGE      Decrypted message: source:Radar|type:Air|data:Drone Swarm|threat_level:0.35|location:Baltic Sea
[Mon Apr 14 12:21:25 2025] ERROR        Invalid or incomplete intelligence
[Mon Apr 14 12:21:25 2025] ERROR        Failed to parse: source:Radar|type:Air|data:Drone Swarm|threat_level:0.35|location:Baltic Sea
[Mon Apr 14 12:21:29 2025] MESSAGE      Encrypted message: vrxufh:Vdwhoolwh|wbsh:Dlu|gdwd:Edoolvwlf Plvvloh|wkuhdw_ohyho:0.11|orfdwlrq:Dufwlf Rfhdq
[Mon Apr 14 12:21:29 2025] MESSAGE      Decrypted message: source:Satellite|type:Air|data:Ballistic Missile|threat_level:0.11|location:Arctic Ocean
[Mon Apr 14 12:21:29 2025] ERROR        Invalid or incomplete intelligence
[Mon Apr 14 12:21:29 2025] ERROR        Failed to parse: source:Satellite|type:Air|data:Ballistic Missile|threat_level:0.11|location:Arctic Ocean
[Mon Apr 14 12:21:30 2025] SIMULATION   Simulation running: 4 seconds remaining
[Mon Apr 14 12:21:30 2025] MESSAGE      Encrypted message: vrxufh:Vxepdulqh|wbsh:Vhd|gdwd:Hqhpb Vxepdulqh|wkuhdw_ohyho:0.35|orfdwlrq:Qruzhjldq Vhd
[Mon Apr 14 12:21:30 2025] MESSAGE      Decrypted message: source:Submarine|type:Sea|data:Enemy Submarine|threat_level:0.35|location:Norwegian Sea
[Mon Apr 14 12:21:30 2025] ERROR        Invalid or incomplete intelligence
[Mon Apr 14 12:21:30 2025] ERROR        Failed to parse: source:Submarine|type:Sea|data:Enemy Submarine|threat_level:0.35|location:Norwegian Sea
[Mon Apr 14 12:21:30 2025] MESSAGE      Encrypted message: vrxufh:Udgdu|wbsh:Dlu|gdwd:Plvvloh Vwulnh|wkuhdw_ohyho:0.22|orfdwlrq:Hqjolvk Fkdqqho
[Mon Apr 14 12:21:30 2025] MESSAGE      Decrypted message: source:Radar|type:Air|data:Missile Strike|threat_level:0.22|location:English Channel
[Mon Apr 14 12:21:30 2025] ERROR        Invalid or incomplete intelligence
[Mon Apr 14 12:21:30 2025] ERROR        Failed to parse: source:Radar|type:Air|data:Missile Strike|threat_level:0.22|location:English Channel
[Mon Apr 14 12:21:34 2025] MESSAGE      Encrypted message: vrxufh:Vdwhoolwh|wbsh:Dlu|gdwd:Vdwhoolwh Dqrpdob|wkuhdw_ohyho:0.77|orfdwlrq:Eduhqwv Vhd
[Mon Apr 14 12:21:34 2025] MESSAGE      Decrypted message: source:Satellite|type:Air|data:Satellite Anomaly|threat_level:0.77|location:Barents Sea
[Mon Apr 14 12:21:34 2025] ERROR        Invalid or incomplete intelligence
[Mon Apr 14 12:21:34 2025] ERROR        Failed to parse: source:Satellite|type:Air|data:Satellite Anomaly|threat_level:0.77|location:Barents Sea
[Mon Apr 14 12:21:35 2025] SHUTDOWN     Nuclear Control terminated after 30s simulation
