[Mon Apr 14 12:21:09 2025] CONNECTION   Connected to Nuclear Control
[Mon Apr 14 12:21:09 2025] MESSAGE      Encrypted message: vrxufh:Vdwhoolwh|wbsh:Vhd|gdwd:Qdydo Iohhw|wkuhdw_ohyho:0.26|orfdwlrq:Phglwhuudqhdq
[Mon Apr 14 12:21:09 2025] MESSAGE      Original message: source:Satellite|type:Sea|data:Naval Fleet|threat_level:0.26|location:Mediterranean
[Mon Apr 14 12:21:09 2025] INTEL        Intelligence sent: Type: Sea, Details: Naval Fleet, Threat Level: 0.26, Location: Mediterranean
[Mon Apr 14 12:21:14 2025] MESSAGE      Encrypted message: vrxufh:Vdwhoolwh|wbsh:Dlu|gdwd:Edoolvwlf Plvvloh|wkuhdw_ohyho:0.35|orfdwlrq:Dufwlf Rfhdq
[Mon Apr 14 12:21:14 2025] MESSAGE      Original message: source:Satellite|type:Air|data:Ballistic Missile|threat_level:0.35|location:Arctic Ocean
[Mon Apr 14 12:21:14 2025] INTEL        Intelligence sent: Type: Air, Details: Ballistic Missile, Threat Level: 0.35, Location: Arctic Ocean
[Mon Apr 14 12:21:19 2025] MESSAGE      Encrypted message: vrxufh:Vdwhoolwh|wbsh:Dlu|gdwd:Vdwhoolwh Dqrpdob|wkuhdw_ohyho:0.35|orfdwlrq:Eduhqwv Vhd
[Mon Apr 14 12:21:19 2025] MESSAGE      Original message: source:Satellite|type:Air|data:Satellite Anomaly|threat_level:0.35|location:Barents Sea
[Mon Apr 14 12:21:19 2025] INTEL        Intelligence sent: Type: Air, Details: Satellite Anomaly, Threat Level: 0.35, Location: Barents Sea
[Mon Apr 14 12:21:24 2025] MESSAGE      Encrypted message: vrxufh:Vdwhoolwh|wbsh:Vhd|gdwd:Qdydo Iohhw|wkuhdw_ohyho:0.22|orfdwlrq:Phglwhuudqhdq
[Mon Apr 14 12:21:24 2025] MESSAGE      Original message: source:Satellite|type:Sea|data:Naval Fleet|threat_level:0.22|location:Mediterranean
[Mon Apr 14 12:21:24 2025] INTEL        Intelligence sent: Type: Sea, Details: Naval Fleet, Threat Level: 0.22, Location: Mediterranean
[Mon Apr 14 12:21:29 2025] MESSAGE      Encrypted message: vrxufh:Vdwhoolwh|wbsh:Dlu|gdwd:Edoolvwlf Plvvloh|wkuhdw_ohyho:0.11|orfdwlrq:Dufwlf Rfhdq
[Mon Apr 14 12:21:29 2025] MESSAGE      Original message: source:Satellite|type:Air|data:Ballistic Missile|threat_level:0.11|location:Arctic Ocean
[Mon Apr 14 12:21:29 2025] INTEL        Intelligence sent: Type: Air, Details: Ballistic Missile, Threat Level: 0.11, Location: Arctic Ocean
[Mon Apr 14 12:21:34 2025] MESSAGE      Encrypted message: vrxufh:Vdwhoolwh|wbsh:Dlu|gdwd:Vdwhoolwh Dqrpdob|wkuhdw_ohyho:0.77|orfdwlrq:Eduhqwv Vhd
[Mon Apr 14 12:21:34 2025] MESSAGE      Original message: source:Satellite|type:Air|data:Satellite Anomaly|threat_level:0.77|location:Barents Sea
[Mon Apr 14 12:21:34 2025] INTEL        Intelligence sent: Type: Air, Details: Satellite Anomaly, Threat Level: 0.77, Location: Barents Sea
[Mon Apr 14 12:21:39 2025] SHUTDOWN     Satellite terminated after 30s simulation
